
> taskbox@0.2.0 build-storybook
> ng run taskbox:build-storybook --output-dir /tmp/chromatic--39228-7BZaOER52RnW

Node.js version v19.9.0 detected.
Odd numbered Node.js versions will not enter LTS status and should not be used for production. For more information, please see https://nodejs.org/en/about/releases/.
[0m
[0m [0m [0m [0m [0m [0m [0m [0m [0m [0m [0m [0m [0m [0m [0m [0m [0m [0m [0m [0m [0m [0m [0m [0m [0m [0m [0m [0m [0m [0m [0m [0m [0m [0m [0m [0m [0m [0m [0m [0m [0m [0m [0m [0m [0m [0m [0m [0m [0m [0m [0m [0m [0m [0m [0m [0m [0m [0m [0m [48;5;255m [48;5;255m [0m [0m [0m [0m [0m [0m [0m [0m [0m [0m [0m [0m
[0m [0m [0m [0m [0m [0m [0m [0m [0m [0m [0m [0m [0m [0m [0m [0m [0m [0m [0m [0m [0m [0m [0m [0m [0m [0m [0m [0m [0m [0m [0m [0m [0m [0m [0m [0m [0m [0m [0m [0m [0m [0m [0m [0m [0m [0m [0m [0m [0m [0m [0m [0m [0m [0m [0m [0m [0m [0m [0m [48;5;255m [48;5;255m [0m [0m [0m [0m [0m [0m [0m [0m [0m [0m [0m [0m
[0m [0m [0m [0m [0m [0m [0m [0m [0m [0m [0m [0m [0m [0m [0m [0m [0m [0m [0m [0m [0m [0m [0m [0m [0m [0m [0m [0m [0m [0m [0m [0m [0m [0m [0m [0m [0m [0m [0m [0m [0m [0m [0m [0m [0m [0m [0m [0m [0m [0m [0m [0m [0m [0m [0m [0m [0m [0m [0m [48;5;255m [48;5;255m [0m [0m [0m [0m [0m [0m [0m [0m [0m [0m [0m [0m
[48;5;255m [48;5;255m [48;5;255m [48;5;255m [48;5;255m [48;5;255m [48;5;255m [0m [0m [48;5;255m [48;5;255m [48;5;255m [48;5;255m [48;5;255m [48;5;255m [48;5;255m [48;5;255m [0m [0m [48;5;255m [48;5;255m [48;5;255m [48;5;255m [48;5;255m [48;5;255m [48;5;255m [48;5;255m [48;5;255m [48;5;255m [48;5;255m [48;5;255m [0m [0m [48;5;255m [48;5;255m [48;5;255m [48;5;255m [48;5;255m [48;5;255m [48;5;255m [48;5;255m [0m [0m [48;5;255m [48;5;255m [48;5;255m [48;5;255m [48;5;255m [48;5;255m [48;5;255m [48;5;255m [0m [0m [48;5;255m [48;5;255m [48;5;255m [48;5;255m [48;5;255m [48;5;255m [48;5;255m [48;5;255m [0m [0m [48;5;255m [48;5;255m [48;5;255m [48;5;255m [48;5;255m [48;5;255m [48;5;255m [48;5;255m [0m [0m [48;5;255m [48;5;255m [48;5;255m [48;5;255m [48;5;255m [48;5;255m [48;5;255m [48;5;255m [0m
[48;5;255m [48;5;255m [0m [0m [0m [0m [0m [0m [0m [48;5;255m [48;5;255m [0m [0m [0m [0m [48;5;255m [48;5;255m [0m [0m [48;5;255m [48;5;255m [0m [0m [0m [48;5;255m [48;5;255m [0m [0m [0m [48;5;255m [48;5;255m [0m [0m [48;5;255m [48;5;255m [0m [0m [0m [0m [48;5;255m [48;5;255m [0m [0m [48;5;255m [48;5;255m [0m [0m [0m [0m [48;5;255m [48;5;255m [0m [0m [48;5;255m [48;5;255m [0m [0m [0m [0m [48;5;255m [48;5;255m [0m [0m [48;5;255m [48;5;255m [0m [0m [0m [0m [48;5;255m [48;5;255m [0m [0m [48;5;255m [48;5;255m [0m
[48;5;255m [48;5;255m [0m [0m [0m [0m [0m [0m [0m [48;5;255m [48;5;255m [0m [0m [0m [0m [48;5;255m [48;5;255m [0m [0m [48;5;255m [48;5;255m [0m [0m [0m [48;5;255m [48;5;255m [0m [0m [0m [48;5;255m [48;5;255m [0m [0m [48;5;255m [48;5;255m [0m [0m [0m [0m [48;5;255m [48;5;255m [0m [0m [48;5;255m [48;5;255m [0m [0m [0m [0m [48;5;255m [48;5;255m [0m [0m [48;5;255m [48;5;255m [0m [0m [0m [0m [48;5;255m [48;5;255m [0m [0m [48;5;255m [48;5;255m [0m [0m [0m [0m [48;5;255m [48;5;255m [0m [0m [48;5;255m [48;5;255m [0m
[48;5;255m [48;5;255m [0m [0m [0m [0m [0m [0m [0m [48;5;255m [48;5;255m [0m [0m [0m [0m [48;5;255m [48;5;255m [0m [0m [48;5;255m [48;5;255m [0m [0m [0m [48;5;255m [48;5;255m [0m [0m [0m [48;5;255m [48;5;255m [0m [0m [48;5;255m [48;5;255m [0m [0m [0m [0m [48;5;255m [48;5;255m [0m [0m [48;5;255m [48;5;255m [0m [0m [0m [0m [48;5;255m [48;5;255m [0m [0m [48;5;255m [48;5;255m [0m [0m [0m [0m [48;5;255m [48;5;255m [0m [0m [48;5;255m [48;5;255m [0m [0m [0m [0m [48;5;255m [48;5;255m [0m [0m [48;5;255m [48;5;255m [0m
[48;5;255m [48;5;255m [48;5;255m [48;5;255m [48;5;255m [48;5;255m [48;5;255m [0m [0m [48;5;255m [48;5;255m [48;5;255m [48;5;255m [48;5;255m [48;5;255m [48;5;255m [48;5;255m [0m [0m [48;5;255m [48;5;255m [0m [0m [0m [48;5;255m [48;5;255m [0m [0m [0m [48;5;255m [48;5;255m [0m [0m [48;5;255m [48;5;255m [48;5;255m [48;5;255m [48;5;255m [48;5;255m [48;5;255m [48;5;255m [0m [0m [48;5;255m [48;5;255m [48;5;255m [48;5;255m [48;5;255m [48;5;255m [48;5;255m [48;5;255m [0m [0m [48;5;255m [48;5;255m [48;5;255m [48;5;255m [48;5;255m [48;5;255m [48;5;255m [48;5;255m [0m [0m [48;5;255m [48;5;255m [48;5;255m [48;5;255m [48;5;255m [48;5;255m [48;5;255m [48;5;255m [0m [0m [48;5;255m [48;5;255m [48;5;255m [48;5;255m [48;5;255m [48;5;255m [48;5;255m [48;5;255m [0m
[0m [0m [0m [0m [0m [0m [0m [0m [0m [0m [0m [0m [0m [0m [0m [0m [0m [0m [0m [0m [0m [0m [0m [0m [0m [0m [0m [0m [0m [0m [0m [0m [0m [48;5;255m [48;5;255m [0m [0m [0m [0m [0m [0m [0m [0m [0m [0m [0m [0m
[0m [0m [0m [0m [0m [0m [0m [0m [0m [0m [0m [0m [0m [0m [0m [0m [0m [0m [0m [0m [0m [0m [0m [0m [0m [0m [0m [0m [0m [0m [0m [0m [0m [48;5;255m [48;5;255m [0m [0m [0m [0m [0m [0m [0m [0m [0m [0m [0m [0m
[0m [0m [0m [0m [0m [0m [0m [0m [0m [0m [0m [0m [0m [0m [0m [0m [0m [0m [0m [0m [0m [0m [0m [0m [0m [0m [0m [0m [0m [0m [0m [0m [0m [48;5;255m [48;5;255m [0m [0m [0m [0m [0m [0m [0m [0m [0m [0m [0m [0m

1.1.19

TypeScript version used by Compodoc : 4.5.5

TypeScript version of current project : 4.9.4

Node.js version : v19.9.0

Operating system : Linux 6.2

[16:03:04] No configuration file found, switching to CLI flags.
[16:03:04] Using tsconfig file : /home/jesus/Escritorio/taskbox/.storybook/tsconfig.json
[16:03:04] Excluding      : /home/jesus/Escritorio/taskbox/jest-global-mocks.ts
[16:03:04] Excluding      : /home/jesus/Escritorio/taskbox/setup-jest.ts
[16:03:04] Excluding      : /home/jesus/Escritorio/taskbox/.storybook/main.ts
[16:03:04] Including      : /home/jesus/Escritorio/taskbox/.storybook/preview.ts
[16:03:04] Ignoring       : /home/jesus/Escritorio/taskbox/.storybook/typings.d.ts
[16:03:04] Excluding      : /home/jesus/Escritorio/taskbox/taskbox/jest-global-mocks.ts
[16:03:04] Excluding      : /home/jesus/Escritorio/taskbox/taskbox/setup-jest.ts
[16:03:04] Including      : /home/jesus/Escritorio/taskbox/src/polyfills.ts
[16:03:04] Including      : /home/jesus/Escritorio/taskbox/src/main.ts
[16:03:04] Excluding      : /home/jesus/Escritorio/taskbox/taskbox/.storybook/preview.ts
[16:03:04] Excluding      : /home/jesus/Escritorio/taskbox/taskbox/.storybook/main.ts
[16:03:04] Ignoring       : /home/jesus/Escritorio/taskbox/taskbox/.storybook/typings.d.ts
[16:03:04] Excluding      : /home/jesus/Escritorio/taskbox/taskbox/src/main.ts
[16:03:04] Excluding      : /home/jesus/Escritorio/taskbox/taskbox/src/polyfills.ts
[16:03:04] Ignoring       : /home/jesus/Escritorio/taskbox/src/app/app.component.spec.ts
[16:03:04] Including      : /home/jesus/Escritorio/taskbox/src/app/app.component.ts
[16:03:04] Including      : /home/jesus/Escritorio/taskbox/src/app/app.module.ts
[16:03:04] Including      : /home/jesus/Escritorio/taskbox/src/environments/environment.prod.ts
[16:03:04] Including      : /home/jesus/Escritorio/taskbox/src/environments/environment.ts
[16:03:04] Including      : /home/jesus/Escritorio/taskbox/src/stories/Button.stories.ts
[16:03:04] Including      : /home/jesus/Escritorio/taskbox/src/stories/Header.stories.ts
[16:03:04] Including      : /home/jesus/Escritorio/taskbox/src/stories/Page.stories.ts
[16:03:04] Including      : /home/jesus/Escritorio/taskbox/src/stories/User.ts
[16:03:04] Including      : /home/jesus/Escritorio/taskbox/src/stories/button.component.ts
[16:03:04] Including      : /home/jesus/Escritorio/taskbox/src/stories/header.component.ts
[16:03:04] Including      : /home/jesus/Escritorio/taskbox/src/stories/page.component.ts
[16:03:04] Ignoring       : /home/jesus/Escritorio/taskbox/taskbox/src/app/app.component.spec.ts
[16:03:04] Excluding      : /home/jesus/Escritorio/taskbox/taskbox/src/app/app.component.ts
[16:03:04] Excluding      : /home/jesus/Escritorio/taskbox/taskbox/src/app/app.module.ts
[16:03:04] Excluding      : /home/jesus/Escritorio/taskbox/taskbox/src/environments/environment.prod.ts
[16:03:04] Excluding      : /home/jesus/Escritorio/taskbox/taskbox/src/environments/environment.ts
[16:03:04] Excluding      : /home/jesus/Escritorio/taskbox/taskbox/src/stories/Button.stories.ts
[16:03:04] Excluding      : /home/jesus/Escritorio/taskbox/taskbox/src/stories/Header.stories.ts
[16:03:04] Excluding      : /home/jesus/Escritorio/taskbox/taskbox/src/stories/Page.stories.ts
[16:03:04] Excluding      : /home/jesus/Escritorio/taskbox/taskbox/src/stories/User.ts
[16:03:04] Excluding      : /home/jesus/Escritorio/taskbox/taskbox/src/stories/button.component.ts
[16:03:04] Excluding      : /home/jesus/Escritorio/taskbox/taskbox/src/stories/header.component.ts
[16:03:04] Excluding      : /home/jesus/Escritorio/taskbox/taskbox/src/stories/page.component.ts
[16:03:04] Including      : /home/jesus/Escritorio/taskbox/src/app/components/inbox-screen.component.ts
[16:03:04] Including      : /home/jesus/Escritorio/taskbox/src/app/components/pure-inbox-screen.component.ts
[16:03:04] Including      : /home/jesus/Escritorio/taskbox/src/app/components/pure-inbox-screen.stories.ts
[16:03:04] Including      : /home/jesus/Escritorio/taskbox/src/app/components/pure-task-list.component.ts
[16:03:04] Including      : /home/jesus/Escritorio/taskbox/src/app/components/pure-task-list.stories.ts
[16:03:04] Including      : /home/jesus/Escritorio/taskbox/src/app/components/task-list.component.ts
[16:03:04] Including      : /home/jesus/Escritorio/taskbox/src/app/components/task.component.ts
[16:03:04] Including      : /home/jesus/Escritorio/taskbox/src/app/components/task.module.ts
[16:03:04] Including      : /home/jesus/Escritorio/taskbox/src/app/components/task.stories.ts
[16:03:04] Including      : /home/jesus/Escritorio/taskbox/src/app/models/task.model.ts
[16:03:04] Including      : /home/jesus/Escritorio/taskbox/src/app/state/task.state.ts
[16:03:04] Searching package.json file
[16:03:04] package.json file found
[16:03:04] Processing package.json dependencies
[16:03:04] Searching README.md, CHANGELOG.md, CONTRIBUTING.md, LICENSE.md, TODO.md files
[16:03:04] README.md file found
[16:03:04] Error during /home/jesus/Escritorio/taskbox/CHANGELOG read
[16:03:04] Continuing without CHANGELOG.md file
[16:03:04] Error during /home/jesus/Escritorio/taskbox/CONTRIBUTING read
[16:03:04] Continuing without CONTRIBUTING.md file
[16:03:04] LICENSE.md file found
[16:03:04] Error during /home/jesus/Escritorio/taskbox/TODO read
[16:03:04] Continuing without TODO.md file
[16:03:04] Get dependencies data
[16:03:04] parsing        : /home/jesus/Escritorio/taskbox/.storybook/preview.ts
[16:03:04] found          : preview
[16:03:04] parsing        : /home/jesus/Escritorio/taskbox/src/polyfills.ts
[16:03:04] parsing        : /home/jesus/Escritorio/taskbox/src/main.ts
[16:03:04] parsing        : /home/jesus/Escritorio/taskbox/src/app/app.component.ts
[16:03:04] found          : AppComponent
[16:03:04] parsing        : /home/jesus/Escritorio/taskbox/src/app/app.module.ts
[16:03:04] found          : AppModule
[16:03:04]                : - imports:
[16:03:04]                : 	- BrowserModule
[16:03:04]                : 	- TaskModule
[16:03:04]                : 	- NgxsModule
[16:03:04]                : 	- NgxsReduxDevtoolsPluginModule
[16:03:04]                : 	- NgxsLoggerPluginModule
[16:03:04]                : - declarations:
[16:03:04]                : 	- AppComponent
[16:03:04]                : 	- InboxScreenComponent
[16:03:04]                : 	- PureInboxScreenComponent
[16:03:04]                : - bootstrap:
[16:03:04]                : 	- AppComponent
[16:03:04] parsing        : /home/jesus/Escritorio/taskbox/src/environments/environment.prod.ts
[16:03:04] found          : environment
[16:03:04] parsing        : /home/jesus/Escritorio/taskbox/src/environments/environment.ts
[16:03:04] found          : environment
[16:03:04] parsing        : /home/jesus/Escritorio/taskbox/src/stories/Button.stories.ts
[16:03:04] found          : meta
[16:03:04] found          : Story
[16:03:04] found          : Primary
[16:03:04] found          : Secondary
[16:03:04] found          : Large
[16:03:04] found          : Small
[16:03:04] parsing        : /home/jesus/Escritorio/taskbox/src/stories/Header.stories.ts
[16:03:04] found          : meta
[16:03:04] found          : Story
[16:03:04] found          : LoggedIn
[16:03:04] found          : LoggedOut
[16:03:04] parsing        : /home/jesus/Escritorio/taskbox/src/stories/Page.stories.ts
[16:03:04] found          : meta
[16:03:04] found          : Story
[16:03:04] found          : LoggedOut
[16:03:04] found          : LoggedIn
[16:03:04] parsing        : /home/jesus/Escritorio/taskbox/src/stories/User.ts
[16:03:04] found          : User
[16:03:04] parsing        : /home/jesus/Escritorio/taskbox/src/stories/button.component.ts
[16:03:05] found          : ButtonComponent
[16:03:05] parsing        : /home/jesus/Escritorio/taskbox/src/stories/header.component.ts
[16:03:05] found          : HeaderComponent
[16:03:05] parsing        : /home/jesus/Escritorio/taskbox/src/stories/page.component.ts
[16:03:05] found          : PageComponent
[16:03:05] parsing        : /home/jesus/Escritorio/taskbox/src/app/components/inbox-screen.component.ts
[16:03:05] found          : InboxScreenComponent
[16:03:05] parsing        : /home/jesus/Escritorio/taskbox/src/app/components/pure-inbox-screen.component.ts
[16:03:05] found          : PureInboxScreenComponent
[16:03:05] parsing        : /home/jesus/Escritorio/taskbox/src/app/components/pure-inbox-screen.stories.ts
[16:03:05] found          : meta
[16:03:05] found          : Story
[16:03:05] found          : Default
[16:03:05] found          : Error
[16:03:05] found          : WithInteractions
[16:03:05] parsing        : /home/jesus/Escritorio/taskbox/src/app/components/pure-task-list.component.ts
[16:03:05] found          : PureTaskListComponent
[16:03:05] parsing        : /home/jesus/Escritorio/taskbox/src/app/components/pure-task-list.stories.ts
[16:03:05] found          : meta
[16:03:05] found          : Story
[16:03:05] found          : Default
[16:03:05] found          : WithPinnedTasks
[16:03:05] found          : Loading
[16:03:05] found          : Empty
[16:03:05] parsing        : /home/jesus/Escritorio/taskbox/src/app/components/task-list.component.ts
[16:03:05] found          : TaskListComponent
[16:03:05] parsing        : /home/jesus/Escritorio/taskbox/src/app/components/task.component.ts
[16:03:05] found          : TaskComponent
[16:03:05] parsing        : /home/jesus/Escritorio/taskbox/src/app/components/task.module.ts
[16:03:05] found          : TaskModule
[16:03:05]                : - imports:
[16:03:05]                : 	- CommonModule
[16:03:05]                : 	- NgxsModule
[16:03:05]                : - exports:
[16:03:05]                : 	- TaskComponent
[16:03:05]                : 	- TaskListComponent
[16:03:05]                : - declarations:
[16:03:05]                : 	- TaskComponent
[16:03:05]                : 	- TaskListComponent
[16:03:05]                : 	- PureTaskListComponent
[16:03:05] parsing        : /home/jesus/Escritorio/taskbox/src/app/components/task.stories.ts
[16:03:05] found          : actionsData
[16:03:05] found          : meta
[16:03:05] found          : Story
[16:03:05] found          : Default
[16:03:05] found          : Pinned
[16:03:05] found          : Archived
[16:03:05] parsing        : /home/jesus/Escritorio/taskbox/src/app/models/task.model.ts
[16:03:05] found          : Task
[16:03:05] parsing        : /home/jesus/Escritorio/taskbox/src/app/state/task.state.ts
[16:03:05] found          : actions
[16:03:05] found          : ArchiveTask
[16:03:05] found          : PinTask
[16:03:05] found          : AppError
[16:03:05] found          : defaultTasks
[16:03:05] found          : TaskStateModel
[16:03:05] found          : TasksState
[16:03:05] -------------------
[16:03:05] Project statistics 
[16:03:05] - files      : 26
[16:03:05] - module     : 2
[16:03:05] - component  : 9
[16:03:05] - injectable : 1
[16:03:05] - class      : 3
[16:03:05] - interface  : 3
[16:03:05] -------------------
[16:03:05] Prepare components
[16:03:05]  ButtonComponent has styleUrls, include them
[16:03:05]  HeaderComponent has styleUrls, include them
[16:03:05]  PageComponent has styleUrls, include them
[16:03:05] Prepare modules
[16:03:05] Prepare injectables
[16:03:05] Prepare classes
[16:03:05] Prepare interfaces
[16:03:05] Prepare miscellaneous
[16:03:05] Process documentation coverage report
[16:03:05] Generating documentation in export format json
[16:03:05] Documentation generated in ./ in 0.4 seconds
info => Cleaning outputDir: /tmp/chromatic--39228-7BZaOER52RnW

info => Loading presets
info => Building manager..
info => Manager built (182 ms)
info => Building preview..
info => Copying static files: /home/jesus/Escritorio/taskbox/node_modules/@storybook/manager/static at /tmp/chromatic--39228-7BZaOER52RnW/sb-common-assets
info Addon-docs: using MDX2
info => Using implicit CSS loaders
info => Using angular browser target options from "taskbox:build"
info => Using angular project with "tsConfig:/home/jesus/Escritorio/taskbox/.storybook/tsconfig.json"
info => Using default Webpack5 setup
<s> [webpack.Progress] 0% 

<s> [webpack.Progress] 1% setup before run
<s> [webpack.Progress] 1% setup before run NodeEnvironmentPlugin
<s> [webpack.Progress] 1% setup before run
<s> [webpack.Progress] 2% setup run
<s> [webpack.Progress] 2% setup run
<s> [webpack.Progress] 4% setup normal module factory
<s> [webpack.Progress] 4% setup normal module factory CaseSensitivePathsPlugin
<s> [webpack.Progress] 4% setup normal module factory
<s> [webpack.Progress] 5% setup context module factory
<s> [webpack.Progress] 5% setup context module factory
<s> [webpack.Progress] 6% setup before compile
<s> [webpack.Progress] 6% setup before compile angular-compiler
<s> [webpack.Progress] 6% setup before compile ProgressPlugin
<s> [webpack.Progress] 6% setup before compile
<s> [webpack.Progress] 7% setup compile
<s> [webpack.Progress] 7% setup compile ExternalsPlugin
<s> [webpack.Progress] 7% setup compile ExternalsPlugin
<s> [webpack.Progress] 7% setup compile
<s> [webpack.Progress] 8% setup compilation
<s> [webpack.Progress] 8% setup compilation angular-occurrences-plugin
<s> [webpack.Progress] 8% setup compilation angular-compiler
